This file contains any messages produced by compilers while
running configure, to aid debugging if configure makes a mistake.

It was created by bbdb configure 3.1.2, which was
generated by GNU Autoconf 2.69.  Invocation command line was

  $ ./configure 

## --------- ##
## Platform. ##
## --------- ##

hostname = Davids-MBP.local
uname -m = x86_64
uname -r = 14.1.0
uname -s = Darwin
uname -v = Darwin Kernel Version 14.1.0: Thu Feb 26 19:26:47 PST 2015; root:xnu-2782.10.73~1/RELEASE_X86_64

/usr/bin/uname -p = i386
/bin/uname -X     = unknown

/bin/arch              = unknown
/usr/bin/arch -k       = unknown
/usr/convex/getsysinfo = unknown
/usr/bin/hostinfo      = Mach kernel version:
	 Darwin Kernel Version 14.1.0: Thu Feb 26 19:26:47 PST 2015; root:xnu-2782.10.73~1/RELEASE_X86_64
Kernel configured for up to 8 processors.
4 processors are physically available.
8 processors are logically available.
Processor type: x86_64h (Intel x86-64h Haswell)
Processors active: 0 1 2 3 4 5 6 7
Primary memory available: 8.00 gigabytes
Default processor set: 274 tasks, 1380 threads, 8 processors
Load average: 1.40, Mach factor: 6.59
/bin/machine           = unknown
/usr/bin/oslevel       = unknown
/bin/universe          = unknown

PATH: /Users/mannd/pebble-dev/PebbleSDK-current/bin
PATH: /Users/mannd/bin
PATH: /Users/mannd/.rvm/gems/ruby-1.9.3-p547/bin
PATH: /Users/mannd/.rvm/gems/ruby-1.9.3-p547@global/bin
PATH: /Users/mannd/.rvm/rubies/ruby-1.9.3-p547/bin
PATH: /usr/local/heroku/bin
PATH: /usr/texbin
PATH: /usr/local/git/bin/
PATH: /usr/local/bin
PATH: /usr/bin
PATH: /bin
PATH: /usr/sbin
PATH: /sbin
PATH: /opt/X11/bin
PATH: /usr/local/git/bin
PATH: /usr/texbin
PATH: /Users/mannd/.rvm/bin


## ----------- ##
## Core tests. ##
## ----------- ##

configure:1782: checking for a BSD-compatible install
configure:1850: result: /usr/bin/install -c
configure:1861: checking whether build environment is sane
configure:1916: result: yes
configure:2067: checking for a thread-safe mkdir -p
configure:2106: result: ./install-sh -c -d
configure:2113: checking for gawk
configure:2143: result: no
configure:2113: checking for mawk
configure:2143: result: no
configure:2113: checking for nawk
configure:2143: result: no
configure:2113: checking for awk
configure:2129: found /usr/bin/awk
configure:2140: result: awk
configure:2151: checking whether make sets $(MAKE)
configure:2173: result: yes
configure:2202: checking whether make supports nested variables
configure:2219: result: yes
configure:2369: checking for emacs
configure:2396: result: /Users/mannd/git/emacs/nextstep/Emacs.app/Contents/MacOS/Emacs
configure:2420: checking where .elc files should go
configure:2433: $EMACS -batch -q -eval '(while load-path (princ (concat (car load-path) "\n")) (setq load-path (cdr load-path)))' </dev/null >conftest.out
configure:2436: $? = 0
configure:2449: result: ${datadir}/emacs/site-lisp
configure:2645: checking that generated files are newer than configure
configure:2651: result: done
configure:2663: creating ./config.status

## ---------------------- ##
## Running config.status. ##
## ---------------------- ##

This file was extended by bbdb config.status 3.1.2, which was
generated by GNU Autoconf 2.69.  Invocation command line was

  CONFIG_FILES    = 
  CONFIG_HEADERS  = 
  CONFIG_LINKS    = 
  CONFIG_COMMANDS = 
  $ ./config.status 

on Davids-MBP.local

config.status:754: creating Makefile
config.status:754: creating lisp/Makefile
config.status:754: creating lisp/bbdb-pkg.el
config.status:754: creating doc/Makefile
config.status:754: creating tex/Makefile

## ---------------- ##
## Cache variables. ##
## ---------------- ##

ac_cv_env_EMACSLOADPATH_set=
ac_cv_env_EMACSLOADPATH_value=
ac_cv_env_EMACS_set=set
ac_cv_env_EMACS_value=/Users/mannd/git/emacs/nextstep/Emacs.app/Contents/MacOS/Emacs
ac_cv_env_build_alias_set=
ac_cv_env_build_alias_value=
ac_cv_env_host_alias_set=
ac_cv_env_host_alias_value=
ac_cv_env_target_alias_set=
ac_cv_env_target_alias_value=
ac_cv_path_install='/usr/bin/install -c'
ac_cv_prog_AWK=awk
ac_cv_prog_EMACS=/Users/mannd/git/emacs/nextstep/Emacs.app/Contents/MacOS/Emacs
ac_cv_prog_make_make_set=yes
am_cv_lispdir='${datadir}/emacs/site-lisp'
am_cv_make_support_nested_variables=yes

## ----------------- ##
## Output variables. ##
## ----------------- ##

ACLOCAL='${SHELL} /Users/mannd/.emacs.d/elisp/bbdb-3.1.2/missing aclocal-1.14'
AMTAR='$${TAR-tar}'
AM_BACKSLASH='\'
AM_DEFAULT_V='$(AM_DEFAULT_VERBOSITY)'
AM_DEFAULT_VERBOSITY='1'
AM_ELCFLAGS=''
AM_V='$(V)'
AUTOCONF='${SHELL} /Users/mannd/.emacs.d/elisp/bbdb-3.1.2/missing autoconf'
AUTOHEADER='${SHELL} /Users/mannd/.emacs.d/elisp/bbdb-3.1.2/missing autoheader'
AUTOMAKE='${SHELL} /Users/mannd/.emacs.d/elisp/bbdb-3.1.2/missing automake-1.14'
AWK='awk'
CYGPATH_W='echo'
DEFS='-DPACKAGE_NAME=\"bbdb\" -DPACKAGE_TARNAME=\"bbdb\" -DPACKAGE_VERSION=\"3.1.2\" -DPACKAGE_STRING=\"bbdb\ 3.1.2\" -DPACKAGE_BUGREPORT=\"bbdb-info@lists.sourceforge.net\" -DPACKAGE_URL=\"http://savannah.nongnu.org/projects/bbdb/\" -DPACKAGE=\"bbdb\" -DVERSION=\"3.1.2\"'
ECHO_C='\c'
ECHO_N=''
ECHO_T=''
EMACS='/Users/mannd/git/emacs/nextstep/Emacs.app/Contents/MacOS/Emacs'
EMACSLOADPATH=''
INSTALL_DATA='${INSTALL} -m 644'
INSTALL_PROGRAM='${INSTALL}'
INSTALL_SCRIPT='${INSTALL}'
INSTALL_STRIP_PROGRAM='$(install_sh) -c -s'
LIBOBJS=''
LIBS=''
LTLIBOBJS=''
MAKEINFO='${SHELL} /Users/mannd/.emacs.d/elisp/bbdb-3.1.2/missing makeinfo'
MKDIR_P='./install-sh -c -d'
PACKAGE='bbdb'
PACKAGE_BUGREPORT='bbdb-info@lists.sourceforge.net'
PACKAGE_DATE='2015-02-28 20:09:09 -0600'
PACKAGE_NAME='bbdb'
PACKAGE_STRING='bbdb 3.1.2'
PACKAGE_TARNAME='bbdb'
PACKAGE_URL='http://savannah.nongnu.org/projects/bbdb/'
PACKAGE_VERSION='3.1.2'
PATH_SEPARATOR=':'
SET_MAKE=''
SHELL='/bin/sh'
STRIP=''
VERSION='3.1.2'
VM_FALSE=''
VM_TRUE='#'
am__isrc=''
am__leading_dot='.'
am__tar='$${TAR-tar} chof - "$$tardir"'
am__untar='$${TAR-tar} xf -'
bindir='${exec_prefix}/bin'
build_alias=''
datadir='${datarootdir}'
datarootdir='${prefix}/share'
docdir='${datarootdir}/doc/${PACKAGE_TARNAME}'
dvidir='${docdir}'
exec_prefix='${prefix}'
host_alias=''
htmldir='${docdir}'
includedir='${prefix}/include'
infodir='${datarootdir}/info'
install_sh='${SHELL} /Users/mannd/.emacs.d/elisp/bbdb-3.1.2/install-sh'
libdir='${exec_prefix}/lib'
libexecdir='${exec_prefix}/libexec'
lispdir='${datadir}/emacs/site-lisp'
localedir='${datarootdir}/locale'
localstatedir='${prefix}/var'
mandir='${datarootdir}/man'
mkdir_p='$(MKDIR_P)'
oldincludedir='/usr/include'
pdfdir='${docdir}'
prefix='/usr/local'
program_transform_name='s,x,x,'
psdir='${docdir}'
sbindir='${exec_prefix}/sbin'
sharedstatedir='${prefix}/com'
sysconfdir='${prefix}/etc'
target_alias=''

## ----------- ##
## confdefs.h. ##
## ----------- ##

/* confdefs.h */
#define PACKAGE_NAME "bbdb"
#define PACKAGE_TARNAME "bbdb"
#define PACKAGE_VERSION "3.1.2"
#define PACKAGE_STRING "bbdb 3.1.2"
#define PACKAGE_BUGREPORT "bbdb-info@lists.sourceforge.net"
#define PACKAGE_URL "http://savannah.nongnu.org/projects/bbdb/"
#define PACKAGE "bbdb"
#define VERSION "3.1.2"

configure: exit 0
